<?xml version="1.0" encoding="UTF-8" ?>
<testsuite tests="52" failures="0" name="RegressionTest" time="0.285" errors="0" skipped="0">
  <properties>
    <property name="java.runtime.name" value="Java(TM) SE Runtime Environment"/>
    <property name="sun.boot.library.path" value="C:\Program Files\Java\jdk1.8.0_202\jre\bin"/>
    <property name="java.vm.version" value="25.202-b08"/>
    <property name="java.vm.vendor" value="Oracle Corporation"/>
    <property name="maven.multiModuleProjectDirectory" value="C:\Users\nohah\Documents\pat_assignment_4"/>
    <property name="java.vendor.url" value="http://java.oracle.com/"/>
    <property name="path.separator" value=";"/>
    <property name="guice.disable.misplaced.annotation.check" value="true"/>
    <property name="java.vm.name" value="Java HotSpot(TM) 64-Bit Server VM"/>
    <property name="file.encoding.pkg" value="sun.io"/>
    <property name="user.script" value=""/>
    <property name="user.country" value="US"/>
    <property name="sun.java.launcher" value="SUN_STANDARD"/>
    <property name="sun.os.patch.level" value=""/>
    <property name="java.vm.specification.name" value="Java Virtual Machine Specification"/>
    <property name="user.dir" value="C:\Users\nohah\Documents\pat_assignment_4"/>
    <property name="java.runtime.version" value="1.8.0_202-b08"/>
    <property name="java.awt.graphicsenv" value="sun.awt.Win32GraphicsEnvironment"/>
    <property name="java.endorsed.dirs" value="C:\Program Files\Java\jdk1.8.0_202\jre\lib\endorsed"/>
    <property name="os.arch" value="amd64"/>
    <property name="java.io.tmpdir" value="C:\Users\nohah\AppData\Local\Temp\"/>
    <property name="line.separator" value="
"/>
    <property name="java.vm.specification.vendor" value="Oracle Corporation"/>
    <property name="user.variant" value=""/>
    <property name="os.name" value="Windows 10"/>
    <property name="net.sourceforge.cobertura.datafile" value="C:\Users\nohah\Documents\pat_assignment_4\target\cobertura\cobertura.ser"/>
    <property name="classworlds.conf" value="C:\Users\nohah\Downloads\apache-maven-3.8.5-bin\apache-maven-3.8.5\bin\m2.conf"/>
    <property name="sun.jnu.encoding" value="Cp1252"/>
    <property name="java.library.path" value="C:\Program Files\Java\jdk1.8.0_202\bin;C:\WINDOWS\Sun\Java\bin;C:\WINDOWS\system32;C:\WINDOWS;C:\Program Files\Java\jdk1.8.0_202\bin;C:\Program Files\Java\jre1.8.0_202\bin;C:\Program Files (x86)\Common Files\Oracle\Java\javapath;C:\Program Files\Python39\Scripts\;C:\Program Files\Python39\;C:\WINDOWS\system32;C:\WINDOWS;C:\WINDOWS\System32\Wbem;C:\WINDOWS\System32\WindowsPowerShell\v1.0\;C:\WINDOWS\System32\OpenSSH\;C:\Program Files\TortoiseSVN\bin;C:\Program Files\Git\cmd;C:\Program Files\MATLAB\R2021a\bin;C:\Users\nohah\Documents\cmake\cmake-3.21.3-windows-x86_64\cmake-3.21.3-windows-x86_64\bin;C:\cygwin\bin;C:\Program Files\LLVM\bin;C:\Users\nohah\Downloads\apache-maven-3.8.5-bin\apache-maven-3.8.5\bin;C:\Program Files\Java\jdk1.8.0_202\bin;C:\Program Files\Java\jre1.8.0_202\bin;C:\Users\nohah\AppData\Local\Microsoft\WindowsApps;C:\Users\nohah\AppData\Local\Programs\Microsoft VS Code\bin;C:\Users\nohah\Documents\Visual Studio 2019\SDL2-2.0.16\lib\x64;C:\Users\nohah\AppData\Roaming\TinyTeX\bin\win32;C:\msys64\mingw64\bin;C:\Program Files\Graphviz\bin;C:\Program Files\Graphviz;;."/>
    <property name="maven.conf" value="C:\Users\nohah\Downloads\apache-maven-3.8.5-bin\apache-maven-3.8.5/conf"/>
    <property name="java.specification.name" value="Java Platform API Specification"/>
    <property name="java.class.version" value="52.0"/>
    <property name="sun.management.compiler" value="HotSpot 64-Bit Tiered Compilers"/>
    <property name="os.version" value="10.0"/>
    <property name="library.jansi.path" value="C:\Users\nohah\Downloads\apache-maven-3.8.5-bin\apache-maven-3.8.5\lib\jansi-native"/>
    <property name="user.home" value="C:\Users\nohah"/>
    <property name="user.timezone" value="America/Phoenix"/>
    <property name="java.awt.printerjob" value="sun.awt.windows.WPrinterJob"/>
    <property name="java.specification.version" value="1.8"/>
    <property name="file.encoding" value="Cp1252"/>
    <property name="user.name" value="nohah"/>
    <property name="java.class.path" value="C:\Users\nohah\Downloads\apache-maven-3.8.5-bin\apache-maven-3.8.5\boot\plexus-classworlds-2.6.0.jar"/>
    <property name="java.vm.specification.version" value="1.8"/>
    <property name="sun.arch.data.model" value="64"/>
    <property name="java.home" value="C:\Program Files\Java\jdk1.8.0_202\jre"/>
    <property name="sun.java.command" value="org.codehaus.plexus.classworlds.launcher.Launcher cobertura:cobertura"/>
    <property name="java.specification.vendor" value="Oracle Corporation"/>
    <property name="user.language" value="en"/>
    <property name="awt.toolkit" value="sun.awt.windows.WToolkit"/>
    <property name="java.vm.info" value="mixed mode"/>
    <property name="java.version" value="1.8.0_202"/>
    <property name="java.ext.dirs" value="C:\Program Files\Java\jdk1.8.0_202\jre\lib\ext;C:\WINDOWS\Sun\Java\lib\ext"/>
    <property name="sun.boot.class.path" value="C:\Program Files\Java\jdk1.8.0_202\jre\lib\resources.jar;C:\Program Files\Java\jdk1.8.0_202\jre\lib\rt.jar;C:\Program Files\Java\jdk1.8.0_202\jre\lib\sunrsasign.jar;C:\Program Files\Java\jdk1.8.0_202\jre\lib\jsse.jar;C:\Program Files\Java\jdk1.8.0_202\jre\lib\jce.jar;C:\Program Files\Java\jdk1.8.0_202\jre\lib\charsets.jar;C:\Program Files\Java\jdk1.8.0_202\jre\lib\jfr.jar;C:\Program Files\Java\jdk1.8.0_202\jre\classes"/>
    <property name="sun.stderr.encoding" value="cp437"/>
    <property name="java.vendor" value="Oracle Corporation"/>
    <property name="maven.home" value="C:\Users\nohah\Downloads\apache-maven-3.8.5-bin\apache-maven-3.8.5"/>
    <property name="file.separator" value="\"/>
    <property name="java.vendor.url.bug" value="http://bugreport.sun.com/bugreport/"/>
    <property name="sun.cpu.endian" value="little"/>
    <property name="sun.io.unicode.encoding" value="UnicodeLittle"/>
    <property name="project.build.outputDirectory" value="C:\Users\nohah\Documents\pat_assignment_4\target\generated-classes\cobertura"/>
    <property name="sun.stdout.encoding" value="cp437"/>
    <property name="sun.desktop" value="windows"/>
    <property name="sun.cpu.isalist" value="amd64"/>
  </properties>
  <testcase classname="RegressionTest0" name="test01" time="0.278"/>
  <testcase classname="RegressionTest0" name="test02" time="0"/>
  <testcase classname="RegressionTest0" name="test03" time="0"/>
  <testcase classname="RegressionTest0" name="test04" time="0"/>
  <testcase classname="RegressionTest0" name="test05" time="0"/>
  <testcase classname="RegressionTest0" name="test06" time="0"/>
  <testcase classname="RegressionTest0" name="test07" time="0"/>
  <testcase classname="RegressionTest0" name="test08" time="0"/>
  <testcase classname="RegressionTest0" name="test09" time="0"/>
  <testcase classname="RegressionTest0" name="test10" time="0"/>
  <testcase classname="RegressionTest0" name="test11" time="0"/>
  <testcase classname="RegressionTest0" name="test12" time="0"/>
  <testcase classname="RegressionTest0" name="test13" time="0"/>
  <testcase classname="RegressionTest0" name="test14" time="0"/>
  <testcase classname="RegressionTest0" name="test15" time="0"/>
  <testcase classname="RegressionTest0" name="test16" time="0.001"/>
  <testcase classname="RegressionTest0" name="test17" time="0"/>
  <testcase classname="RegressionTest0" name="test18" time="0"/>
  <testcase classname="RegressionTest0" name="test19" time="0"/>
  <testcase classname="RegressionTest0" name="test20" time="0.001"/>
  <testcase classname="RegressionTest0" name="test21" time="0"/>
  <testcase classname="RegressionTest0" name="test22" time="0"/>
  <testcase classname="RegressionTest0" name="test23" time="0"/>
  <testcase classname="RegressionTest0" name="test24" time="0.001"/>
  <testcase classname="RegressionTest0" name="test25" time="0"/>
  <testcase classname="RegressionTest0" name="test26" time="0"/>
  <testcase classname="RegressionTest0" name="test27" time="0"/>
  <testcase classname="RegressionTest0" name="test28" time="0"/>
  <testcase classname="RegressionTest0" name="test29" time="0"/>
  <testcase classname="RegressionTest0" name="test30" time="0"/>
  <testcase classname="RegressionTest0" name="test31" time="0.001"/>
  <testcase classname="RegressionTest0" name="test32" time="0"/>
  <testcase classname="RegressionTest0" name="test33" time="0"/>
  <testcase classname="RegressionTest0" name="test34" time="0"/>
  <testcase classname="RegressionTest0" name="test35" time="0"/>
  <testcase classname="RegressionTest0" name="test36" time="0.001"/>
  <testcase classname="RegressionTest0" name="test37" time="0"/>
  <testcase classname="RegressionTest0" name="test38" time="0"/>
  <testcase classname="RegressionTest0" name="test39" time="0"/>
  <testcase classname="RegressionTest0" name="test40" time="0"/>
  <testcase classname="RegressionTest0" name="test41" time="0"/>
  <testcase classname="RegressionTest0" name="test42" time="0.001"/>
  <testcase classname="RegressionTest0" name="test43" time="0"/>
  <testcase classname="RegressionTest0" name="test44" time="0"/>
  <testcase classname="RegressionTest0" name="test45" time="0"/>
  <testcase classname="RegressionTest0" name="test46" time="0"/>
  <testcase classname="RegressionTest0" name="test47" time="0"/>
  <testcase classname="RegressionTest0" name="test48" time="0"/>
  <testcase classname="RegressionTest0" name="test49" time="0"/>
  <testcase classname="RegressionTest0" name="test50" time="0"/>
  <testcase classname="RegressionTest0" name="test51" time="0.001"/>
  <testcase classname="RegressionTest0" name="test52" time="0"/>
</testsuite>